  Building Custom Rule C:/Users/weichang/Desktop/PhysX/physx/source/compiler/cmake/CMakeLists.txt
  Adjacencies.cpp
  Cooking.cpp
  CookingUtils.cpp
  EdgeList.cpp
  MeshCleaner.cpp
  Quantizer.cpp
  BVHStructureBuilder.cpp
  HeightFieldCooking.cpp
  RTreeCooking.cpp
  MeshBuilder.cpp
  TriangleMeshBuilder.cpp
  GrbTriangleMeshCooking.cpp
  BigConvexDataBuilder.cpp
  ConvexHullBuilder.cpp
  ConvexHullLib.cpp
  ConvexHullUtils.cpp
  ConvexMeshBuilder.cpp
  ConvexPolygonsBuilder.cpp
  QuickHullConvexHullLib.cpp
  VolumeIntegration.cpp
  WindowsCookingDelayLoadHook.cpp
     Creating library C:/Users/weichang/Desktop/PhysX/physx/bin/win.x86_64.vc143.mt/debug/PhysXCooking_64.lib and object C:/Users/weichang/Desktop/PhysX/physx/bin/win.x86_64.vc143.mt/debug/PhysXCooking_64.exp
  PhysXCooking.vcxproj -> C:\Users\weichang\Desktop\PhysX\physx\bin\win.x86_64.vc143.mt\debug\PhysXCooking_64.dll
